[0m12:04:59.904437 [debug] [MainThread]: Sending event: {'category': 'dbt', 'action': 'invocation', 'label': 'start', 'context': [<snowplow_tracker.self_describing_json.SelfDescribingJson object at 0x0000022858756E40>, <snowplow_tracker.self_describing_json.SelfDescribingJson object at 0x0000022858754110>, <snowplow_tracker.self_describing_json.SelfDescribingJson object at 0x00000228587579E0>]}


============================== 12:04:59.904437 | 9037ce6d-1714-45ac-8743-61ca751bfcc8 ==============================
[0m12:04:59.904437 [info ] [MainThread]: Running with dbt=1.11.2
[0m12:04:59.904437 [debug] [MainThread]: running dbt with arguments {'static_parser': 'True', 'no_print': 'None', 'version_check': 'True', 'warn_error_options': 'WarnErrorOptionsV2(error=[], warn=[], silence=[])', 'target_path': 'None', 'printer_width': '80', 'write_json': 'True', 'empty': 'None', 'log_cache_events': 'False', 'introspect': 'True', 'cache_selected_only': 'False', 'fail_fast': 'False', 'debug': 'False', 'log_format': 'default', 'profiles_dir': 'C:\\Users\\manee\\.dbt', 'send_anonymous_usage_stats': 'True', 'quiet': 'False', 'warn_error': 'None', 'partial_parse': 'True', 'indirect_selection': 'eager', 'use_colors': 'True', 'invocation_command': 'dbt init snowdbt', 'use_experimental_parser': 'False', 'log_path': 'logs'}
[0m12:04:59.924036 [debug] [MainThread]: Starter project path: D:\Snoflake+DBT\sdbt\Lib\site-packages\dbt\include\starter_project
[0m12:04:59.945914 [info ] [MainThread]: 
Your new dbt project "snowdbt" was created!

For more information on how to configure the profiles.yml file,
please consult the dbt documentation here:

  https://docs.getdbt.com/docs/configure-your-profile

One more thing:

Need help? Don't hesitate to reach out to us via GitHub issues or on Slack:

  https://community.getdbt.com/

Happy modeling!

[0m12:04:59.946926 [info ] [MainThread]: Setting up your profile.
[0m12:05:03.798272 [debug] [MainThread]: Snowflake adapter: Setting snowflake.connector to ERROR (file logging only)
[0m12:05:03.798272 [debug] [MainThread]: Snowflake adapter: Setting botocore to ERROR (file logging only)
[0m12:05:03.798272 [debug] [MainThread]: Snowflake adapter: Setting boto3 to ERROR (file logging only)
[0m12:18:01.779423 [info ] [MainThread]: Profile snowdbt written to C:\Users\manee\.dbt\profiles.yml using target's profile_template.yml and your supplied values. Run 'dbt debug' to validate the connection.
[0m12:18:01.789481 [debug] [MainThread]: Command `dbt init` succeeded at 12:18:01.789481 after 782.14 seconds
[0m12:18:01.790497 [debug] [MainThread]: Sending event: {'category': 'dbt', 'action': 'invocation', 'label': 'end', 'context': [<snowplow_tracker.self_describing_json.SelfDescribingJson object at 0x0000022858F7DEE0>, <snowplow_tracker.self_describing_json.SelfDescribingJson object at 0x000002285B45B080>, <snowplow_tracker.self_describing_json.SelfDescribingJson object at 0x000002285B56B440>]}
[0m12:18:01.792237 [debug] [MainThread]: Flushing usage events
[0m12:18:03.060250 [debug] [MainThread]: An error was encountered while trying to flush usage events
[0m12:19:29.015834 [debug] [MainThread]: Sending event: {'category': 'dbt', 'action': 'invocation', 'label': 'start', 'context': [<snowplow_tracker.self_describing_json.SelfDescribingJson object at 0x000001B111B44710>, <snowplow_tracker.self_describing_json.SelfDescribingJson object at 0x000001B1146B57C0>, <snowplow_tracker.self_describing_json.SelfDescribingJson object at 0x000001B114886720>]}


============================== 12:19:29.030799 | c129de88-e2f1-4133-aca2-7839536acc91 ==============================
[0m12:19:29.030799 [info ] [MainThread]: Running with dbt=1.11.2
[0m12:19:29.030799 [debug] [MainThread]: running dbt with arguments {'static_parser': 'True', 'no_print': 'None', 'version_check': 'True', 'target_path': 'None', 'warn_error_options': 'WarnErrorOptionsV2(error=[], warn=[], silence=[])', 'printer_width': '80', 'write_json': 'True', 'empty': 'None', 'log_cache_events': 'False', 'introspect': 'True', 'cache_selected_only': 'False', 'log_format': 'default', 'debug': 'False', 'fail_fast': 'False', 'partial_parse': 'True', 'send_anonymous_usage_stats': 'True', 'quiet': 'False', 'warn_error': 'None', 'profiles_dir': 'C:\\Users\\manee\\.dbt', 'indirect_selection': 'eager', 'invocation_command': 'dbt debug', 'use_colors': 'True', 'use_experimental_parser': 'False', 'log_path': 'logs'}
[0m12:19:29.047459 [info ] [MainThread]: dbt version: 1.11.2
[0m12:19:29.047459 [info ] [MainThread]: python version: 3.12.9
[0m12:19:29.048314 [info ] [MainThread]: python path: D:\Snoflake+DBT\sdbt\Scripts\python.exe
[0m12:19:29.048934 [info ] [MainThread]: os info: Windows-11-10.0.26100-SP0
[0m12:19:29.053880 [info ] [MainThread]: Error importing adapter: No module named 'dbt.adapters.databricks'
[0m12:19:29.055301 [info ] [MainThread]: Error importing adapter: No module named 'dbt.adapters.databricks'
[0m12:19:29.057307 [info ] [MainThread]: Error importing adapter: No module named 'dbt.adapters.postgres'
[0m12:19:29.355549 [debug] [MainThread]: Snowflake adapter: Setting snowflake.connector to ERROR (file logging only)
[0m12:19:29.356566 [debug] [MainThread]: Snowflake adapter: Setting botocore to ERROR (file logging only)
[0m12:19:29.356566 [debug] [MainThread]: Snowflake adapter: Setting boto3 to ERROR (file logging only)
[0m12:19:29.404681 [info ] [MainThread]: Using profiles dir at C:\Users\manee\.dbt
[0m12:19:29.405575 [info ] [MainThread]: Using profiles.yml file at C:\Users\manee\.dbt\profiles.yml
[0m12:19:29.405575 [info ] [MainThread]: Using dbt_project.yml file at D:\Snoflake+DBT\dbt_project.yml
[0m12:19:29.406574 [info ] [MainThread]: Configuration:
[0m12:19:29.406574 [info ] [MainThread]:   profiles.yml file [[31mERROR invalid[0m]
[0m12:19:29.406574 [info ] [MainThread]:   dbt_project.yml file [[31mERROR not found[0m]
[0m12:19:29.407574 [info ] [MainThread]: Required dependencies:
[0m12:19:29.407574 [debug] [MainThread]: Executing "git --help"
[0m12:19:29.444259 [debug] [MainThread]: STDOUT: "b"usage: git [-v | --version] [-h | --help] [-C <path>] [-c <name>=<value>]\n           [--exec-path[=<path>]] [--html-path] [--man-path] [--info-path]\n           [-p | --paginate | -P | --no-pager] [--no-replace-objects] [--no-lazy-fetch]\n           [--no-optional-locks] [--no-advice] [--bare] [--git-dir=<path>]\n           [--work-tree=<path>] [--namespace=<name>] [--config-env=<name>=<envvar>]\n           <command> [<args>]\n\nThese are common Git commands used in various situations:\n\nstart a working area (see also: git help tutorial)\n   clone      Clone a repository into a new directory\n   init       Create an empty Git repository or reinitialize an existing one\n\nwork on the current change (see also: git help everyday)\n   add        Add file contents to the index\n   mv         Move or rename a file, a directory, or a symlink\n   restore    Restore working tree files\n   rm         Remove files from the working tree and from the index\n\nexamine the history and state (see also: git help revisions)\n   bisect     Use binary search to find the commit that introduced a bug\n   diff       Show changes between commits, commit and working tree, etc\n   grep       Print lines matching a pattern\n   log        Show commit logs\n   show       Show various types of objects\n   status     Show the working tree status\n\ngrow, mark and tweak your common history\n   backfill   Download missing objects in a partial clone\n   branch     List, create, or delete branches\n   commit     Record changes to the repository\n   merge      Join two or more development histories together\n   rebase     Reapply commits on top of another base tip\n   reset      Reset current HEAD to the specified state\n   switch     Switch branches\n   tag        Create, list, delete or verify a tag object signed with GPG\n\ncollaborate (see also: git help workflows)\n   fetch      Download objects and refs from another repository\n   pull       Fetch from and integrate with another repository or a local branch\n   push       Update remote refs along with associated objects\n\n'git help -a' and 'git help -g' list available subcommands and some\nconcept guides. See 'git help <command>' or 'git help <concept>'\nto read about a specific subcommand or concept.\nSee 'git help git' for an overview of the system.\n""
[0m12:19:29.445983 [debug] [MainThread]: STDERR: "b''"
[0m12:19:29.445983 [info ] [MainThread]:  - git [[32mOK found[0m]

[0m12:19:29.447052 [info ] [MainThread]: Connection test skipped since no profile was found
[0m12:19:29.447992 [info ] [MainThread]: [31m2 checks failed:[0m
[0m12:19:29.447992 [info ] [MainThread]: Could not load dbt_project.yml
Profile loading failed for the following reason:
Runtime Error
  Credentials in profile "databricks", target "dev" invalid: Runtime Error
    Could not find adapter type databricks!

Runtime Error
  Credentials in profile "dbtelt", target "dev" invalid: Runtime Error
    Could not find adapter type databricks!

Runtime Error
  Credentials in profile "pg_to_pg", target "dev" invalid: Runtime Error
    Could not find adapter type postgres!


[0m12:19:29.447992 [info ] [MainThread]: Project loading failed for the following reason:
 project path <D:\Snoflake+DBT\dbt_project.yml> not found

[0m12:19:29.450001 [debug] [MainThread]: Command `dbt debug` failed at 12:19:29.449000 after 0.65 seconds
[0m12:19:29.450001 [debug] [MainThread]: Sending event: {'category': 'dbt', 'action': 'invocation', 'label': 'end', 'context': [<snowplow_tracker.self_describing_json.SelfDescribingJson object at 0x000001B114076FC0>, <snowplow_tracker.self_describing_json.SelfDescribingJson object at 0x000001B116CF1DF0>, <snowplow_tracker.self_describing_json.SelfDescribingJson object at 0x000001B117085FA0>]}
[0m12:19:29.450001 [debug] [MainThread]: Flushing usage events
[0m12:19:30.728175 [debug] [MainThread]: An error was encountered while trying to flush usage events
